0 info it worked if it ends with ok
1 verbose cli [ 'C:\\Program Files (x86)\\nodejs\\node.exe',
1 verbose cli   'C:\\Program Files (x86)\\nodejs\\node_modules\\npm\\bin\\npm-cli.js',
1 verbose cli   'run',
1 verbose cli   'server' ]
2 info using npm@3.10.9
3 info using node@v7.2.0
4 verbose run-script [ 'preserver', 'server', 'postserver' ]
5 info lifecycle adc-react@1.0.0~preserver: adc-react@1.0.0
6 silly lifecycle adc-react@1.0.0~preserver: no script for preserver, continuing
7 info lifecycle adc-react@1.0.0~server: adc-react@1.0.0
8 verbose lifecycle adc-react@1.0.0~server: unsafe-perm in lifecycle true
9 verbose lifecycle adc-react@1.0.0~server: PATH: C:\Program Files (x86)\nodejs\node_modules\npm\bin\node-gyp-bin;C:\Users\Martin\adc-react\node_modules\.bin;C:\WINDOWS\system32;C:\WINDOWS;C:\WINDOWS\System32\Wbem;C:\WINDOWS\System32\WindowsPowerShell\v1.0\;C:\Program Files (x86)\QuickTime\QTSystem\;C:\Program Files (x86)\NVIDIA Corporation\PhysX\Common;C:\Program Files\Microsoft\Web Platform Installer\;C:\Program Files (x86)\Microsoft ASP.NET\ASP.NET Web Pages\v1.0\;C:\Program Files (x86)\Windows Kits\8.0\Windows Performance Toolkit\;C:\Program Files\Microsoft SQL Server\110\Tools\Binn\;C:\Program Files (x86)\GtkSharp\2.12\bin;C:\Program Files (x86)\OpenVPN\bin;C:\Program Files (x86)\nodejs\;C:\Program Files (x86)\Git\cmd;C:\Users\Martin\AppData\Local\Microsoft\WindowsApps;C:\Users\Martin\AppData\Roaming\npm
10 verbose lifecycle adc-react@1.0.0~server: CWD: C:\Users\Martin\adc-react
11 silly lifecycle adc-react@1.0.0~server: Args: [ '/d /s /c',
11 silly lifecycle   'set NODE_ENV=development && nodemon --watch server --exec babel-node -- index.js' ]
12 silly lifecycle adc-react@1.0.0~server: Returned: code: 1  signal: null
13 info lifecycle adc-react@1.0.0~server: Failed to exec server script
14 verbose stack Error: adc-react@1.0.0 server: `set NODE_ENV=development && nodemon --watch server --exec babel-node -- index.js`
14 verbose stack Exit status 1
14 verbose stack     at EventEmitter.<anonymous> (C:\Program Files (x86)\nodejs\node_modules\npm\lib\utils\lifecycle.js:255:16)
14 verbose stack     at emitTwo (events.js:106:13)
14 verbose stack     at EventEmitter.emit (events.js:191:7)
14 verbose stack     at ChildProcess.<anonymous> (C:\Program Files (x86)\nodejs\node_modules\npm\lib\utils\spawn.js:40:14)
14 verbose stack     at emitTwo (events.js:106:13)
14 verbose stack     at ChildProcess.emit (events.js:191:7)
14 verbose stack     at maybeClose (internal/child_process.js:885:16)
14 verbose stack     at Process.ChildProcess._handle.onexit (internal/child_process.js:226:5)
15 verbose pkgid adc-react@1.0.0
16 verbose cwd C:\Users\Martin\adc-react
17 error Windows_NT 10.0.14393
18 error argv "C:\\Program Files (x86)\\nodejs\\node.exe" "C:\\Program Files (x86)\\nodejs\\node_modules\\npm\\bin\\npm-cli.js" "run" "server"
19 error node v7.2.0
20 error npm  v3.10.9
21 error code ELIFECYCLE
22 error adc-react@1.0.0 server: `set NODE_ENV=development && nodemon --watch server --exec babel-node -- index.js`
22 error Exit status 1
23 error Failed at the adc-react@1.0.0 server script 'set NODE_ENV=development && nodemon --watch server --exec babel-node -- index.js'.
23 error Make sure you have the latest version of node.js and npm installed.
23 error If you do, this is most likely a problem with the adc-react package,
23 error not with npm itself.
23 error Tell the author that this fails on your system:
23 error     set NODE_ENV=development && nodemon --watch server --exec babel-node -- index.js
23 error You can get information on how to open an issue for this project with:
23 error     npm bugs adc-react
23 error Or if that isn't available, you can get their info via:
23 error     npm owner ls adc-react
23 error There is likely additional logging output above.
24 verbose exit [ 1, true ]
